<?xml version="1.0" encoding="UTF-8"?>
<!-- Generated by org.testng.reporters.JUnitReportReporter -->
<testsuite hostname="DESKTOP-A7DKS3T" failures="0" tests="3" name="com.testNG.test.ParallelTest" time="6.449" errors="0" timestamp="19 Aug 2022 02:17:11 GMT" skipped="0">
  <testcase classname="com.testNG.test.ParallelTest" name="openGoggle" time="1.948"/>
  <testcase classname="com.testNG.test.ParallelTest" name="openAmazon" time="2.781"/>
  <testcase classname="com.testNG.test.ParallelTest" name="openFaceBook" time="1.720"/>
</testsuite> <!-- com.testNG.test.ParallelTest -->
