<?xml version="1.0" encoding="UTF-8"?>
<!-- Generated by org.testng.reporters.JUnitReportReporter -->
<testsuite hostname="DESKTOP-A7DKS3T" failures="0" tests="3" name="com.testNG.test.TestNGPractice" time="0.120" errors="0" timestamp="19 Aug 2022 02:17:11 GMT" skipped="0">
  <testcase classname="com.testNG.test.TestNGPractice" name="cart" time="0.118"/>
  <testcase classname="com.testNG.test.TestNGPractice" name="bill" time="0.001"/>
  <testcase classname="com.testNG.test.TestNGPractice" name="search" time="0.001"/>
</testsuite> <!-- com.testNG.test.TestNGPractice -->
