<?xml version="1.0" encoding="UTF-8"?>
<!-- Generated by org.testng.reporters.JUnitReportReporter -->
<testsuite hostname="DESKTOP-A7DKS3T" failures="0" tests="1" name="seleniumJavaPractice.WebdriverPractice" time="8.019" errors="0" timestamp="05 Aug 2022 04:50:54 GMT" skipped="0">
  <testcase classname="seleniumJavaPractice.WebdriverPractice" name="getDriver" time="8.019"/>
</testsuite> <!-- seleniumJavaPractice.WebdriverPractice -->
