<?xml version="1.0" encoding="UTF-8"?>
<!-- Generated by org.testng.reporters.JUnitReportReporter -->
<testsuite hostname="DESKTOP-A7DKS3T" failures="0" tests="1" name="seleniumJavaPractice.TodayPractice" time="9.106" errors="0" timestamp="23 Aug 2022 03:16:29 GMT" skipped="0">
  <testcase classname="seleniumJavaPractice.TodayPractice" name="setUp" time="9.106"/>
</testsuite> <!-- seleniumJavaPractice.TodayPractice -->
